14:35:42 **** Incremental Build of configuration Debug for project ObstacleAvoid3 ****
make all 
Building file: ../src/Robot.cpp
Invoking: Cross G++ Compiler
g++ -O0 -g3 -Wall -c -fmessage-length=0 -MMD -MP -MF"src/Robot.d" -MT"src/Robot.o" -o "src/Robot.o" "../src/Robot.cpp"
In file included from ../src/Robot.cpp:1:0:
../src/Robot.h:7:18: warning: extra tokens at end of #include directive [enabled by default]
 #include "Node.h";
                  ^
In file included from ../src/Robot.h:7:0,
                 from ../src/Robot.cpp:1:
../src/Node.h:57:9: warning: extra tokens at end of #endif directive [enabled by default]
 #endif  NODE_H_
         ^
../src/Robot.cpp: In member function ‘bool Robot::willCollide(std::vector<double>, int)’:
../src/Robot.cpp:272:53: warning: comparison between signed and unsigned integer expressions [-Wsign-compare]
  for (size_t i = ds / 2 - afc / 2;i < ds/ 2 + afc / 2; i++)
                                                     ^
Finished building: ../src/Robot.cpp
 
Building target: ObstacleAvoid3
Invoking: Cross G++ Linker
g++  -o "ObstacleAvoid3"  ./src/ConfigurationManager.o ./src/LocalizationManager.o ./src/Map.o ./src/Node.o ./src/Particle.o ./src/PathPlanner.o ./src/PointType.o ./src/Robot.o ./src/main.o   -lHamsterAPICommon -lopencv_imgproc -lopencv_core -lopencv_highgui -lCogniAlgCPP -lHamsterAPIClientCPP
Finished building target: ObstacleAvoid3
 
14:35:47 **** Incremental Build of configuration Debug for project ObstacleAvoid3 ****
make all 
make: Nothing to be done for `all'.
14:38:45 **** Incremental Build of configuration Debug for project ObstacleAvoid3 ****
make all 
Building file: ../src/Robot.cpp
Invoking: Cross G++ Compiler
g++ -O0 -g3 -Wall -c -fmessage-length=0 -MMD -MP -MF"src/Robot.d" -MT"src/Robot.o" -o "src/Robot.o" "../src/Robot.cpp"
In file included from ../src/Robot.cpp:1:0:
../src/Robot.h:7:18: warning: extra tokens at end of #include directive [enabled by default]
 #include "Node.h";
                  ^
In file included from ../src/Robot.h:7:0,
                 from ../src/Robot.cpp:1:
../src/Node.h:57:9: warning: extra tokens at end of #endif directive [enabled by default]
 #endif  NODE_H_
         ^
../src/Robot.cpp: In member function ‘bool Robot::willCollide(std::vector<double>, int)’:
../src/Robot.cpp:272:53: warning: comparison between signed and unsigned integer expressions [-Wsign-compare]
  for (size_t i = ds / 2 - afc / 2;i < ds/ 2 + afc / 2; i++)
                                                     ^
Finished building: ../src/Robot.cpp
 
Building target: ObstacleAvoid3
Invoking: Cross G++ Linker
g++  -o "ObstacleAvoid3"  ./src/ConfigurationManager.o ./src/LocalizationManager.o ./src/Map.o ./src/Node.o ./src/Particle.o ./src/PathPlanner.o ./src/PointType.o ./src/Robot.o ./src/main.o   -lHamsterAPICommon -lopencv_imgproc -lopencv_core -lopencv_highgui -lCogniAlgCPP -lHamsterAPIClientCPP
Finished building target: ObstacleAvoid3
 
14:42:15 **** Incremental Build of configuration Debug for project ObstacleAvoid3 ****
make all 
make: Nothing to be done for `all'.
14:47:19 **** Incremental Build of configuration Debug for project ObstacleAvoid3 ****
make all 
make: Nothing to be done for `all'.
14:51:07 **** Incremental Build of configuration Debug for project ObstacleAvoid3 ****
make all 
make: Nothing to be done for `all'.
14:52:02 **** Incremental Build of configuration Debug for project ObstacleAvoid3 ****
make all 
make: Nothing to be done for `all'.
14:53:15 **** Incremental Build of configuration Debug for project ObstacleAvoid3 ****
make all 
Building file: ../src/Robot.cpp
Invoking: Cross G++ Compiler
g++ -O0 -g3 -Wall -c -fmessage-length=0 -MMD -MP -MF"src/Robot.d" -MT"src/Robot.o" -o "src/Robot.o" "../src/Robot.cpp"
In file included from ../src/Robot.cpp:1:0:
../src/Robot.h:7:18: warning: extra tokens at end of #include directive [enabled by default]
 #include "Node.h";
                  ^
In file included from ../src/Robot.h:7:0,
                 from ../src/Robot.cpp:1:
../src/Node.h:57:9: warning: extra tokens at end of #endif directive [enabled by default]
 #endif  NODE_H_
         ^
../src/Robot.cpp: In member function ‘bool Robot::willCollide(std::vector<double>, int)’:
../src/Robot.cpp:272:53: warning: comparison between signed and unsigned integer expressions [-Wsign-compare]
  for (size_t i = ds / 2 - afc / 2;i < ds/ 2 + afc / 2; i++)
                                                     ^
../src/Robot.cpp: In member function ‘robotState Robot::getRobotState(HamsterAPI::OccupancyGrid, robotState)’:
../src/Robot.cpp:330:9: warning: unused variable ‘x’ [-Wunused-variable]
  double x = currentPose.getX();
         ^
../src/Robot.cpp:331:9: warning: unused variable ‘y’ [-Wunused-variable]
  double y = currentPose.getY();
         ^
Finished building: ../src/Robot.cpp
 
Building target: ObstacleAvoid3
Invoking: Cross G++ Linker
g++  -o "ObstacleAvoid3"  ./src/ConfigurationManager.o ./src/LocalizationManager.o ./src/Map.o ./src/Node.o ./src/Particle.o ./src/PathPlanner.o ./src/PointType.o ./src/Robot.o ./src/main.o   -lHamsterAPICommon -lopencv_imgproc -lopencv_core -lopencv_highgui -lCogniAlgCPP -lHamsterAPIClientCPP
Finished building target: ObstacleAvoid3
 
14:58:06 **** Incremental Build of configuration Debug for project ObstacleAvoid3 ****
make all 
make: Nothing to be done for `all'.
